2026-03-15T16:02:31.199+0530	ERROR	livekit	hwstats/cpu_null.go:38	CPU monitoring unsupported on current platform. Server capacity management will be disabled
github.com/livekit/protocol/utils/hwstats.newPlatformCPUMonitor
	/home/runner/go/pkg/mod/github.com/livekit/protocol@v1.43.5-0.20260114074149-a8bb8204ce69/utils/hwstats/cpu_null.go:38
github.com/livekit/protocol/utils/hwstats.NewCPUStats
	/home/runner/go/pkg/mod/github.com/livekit/protocol@v1.43.5-0.20260114074149-a8bb8204ce69/utils/hwstats/cpu.go:53
github.com/livekit/livekit-server/pkg/telemetry/prometheus.Init
	/home/runner/go/pkg/mod/github.com/livekit/livekit-server@v1.9.11/pkg/telemetry/prometheus/node.go:111
main.startServer
	/home/runner/go/pkg/mod/github.com/livekit/livekit-server@v1.9.11/cmd/server/main.go:298
github.com/urfave/cli/v3.(*Command).run
	/home/runner/go/pkg/mod/github.com/urfave/cli/v3@v3.3.9/command_run.go:340
github.com/urfave/cli/v3.(*Command).Run
	/home/runner/go/pkg/mod/github.com/urfave/cli/v3@v3.3.9/command_run.go:94
main.main
	/home/runner/go/pkg/mod/github.com/livekit/livekit-server@v1.9.11/cmd/server/main.go:190
runtime.main
	/opt/hostedtoolcache/go/1.24.6/x64/src/runtime/proc.go:283
2026-03-15T16:02:31.200+0530	INFO	livekit	routing/interfaces.go:180	using single-node routing
2026-03-15T16:02:31.284+0530	INFO	livekit	service/server.go:264	starting LiveKit server	{"portHttp": 7880, "nodeID": "ND_9JthhTLUNhjq", "nodeIP": "169.254.245.109", "version": "1.9.11", "bindAddresses": ["0.0.0.0"], "rtc.portTCP": 7881, "rtc.portUDP": {"Start":7882,"End":0}}
2026-03-15T16:02:31.284+0530	INFO	livekit	service/server.go:266	Windows detected, capacity management is unavailable
2026-03-15T16:03:11.671+0530	INFO	livekit.agents	service/agentservice.go:298	worker registered	{"namespace": "", "jobType": "JT_ROOM", "agentName": "", "workerID": "AW_QKtGkV8pUAeg"}
2026-03-15T16:43:29.233+0530	ERROR	livekit.agents	service/agentservice.go:102	error reading from websocket	{"workerID": "AW_QKtGkV8pUAeg", "agentName": "", "jobType": "JT_ROOM", "error": "read tcp [::1]:7880->[::1]:63355: wsarecv: An existing connection was forcibly closed by the remote host."}
github.com/livekit/livekit-server/pkg/service.DispatchAgentWorkerSignal
	/home/runner/go/pkg/mod/github.com/livekit/livekit-server@v1.9.11/pkg/service/agentservice.go:102
github.com/livekit/livekit-server/pkg/service.(*AgentHandler).HandleConnection
	/home/runner/go/pkg/mod/github.com/livekit/livekit-server@v1.9.11/pkg/service/agentservice.go:242
github.com/livekit/livekit-server/pkg/service.(*AgentService).ServeHTTP
	/home/runner/go/pkg/mod/github.com/livekit/livekit-server@v1.9.11/pkg/service/agentservice.go:200
net/http.(*ServeMux).ServeHTTP
	/opt/hostedtoolcache/go/1.24.6/x64/src/net/http/server.go:2822
github.com/urfave/negroni/v3.(*Negroni).UseHandler.Wrap.func1
	/home/runner/go/pkg/mod/github.com/urfave/negroni/v3@v3.1.1/negroni.go:59
github.com/urfave/negroni/v3.HandlerFunc.ServeHTTP
	/home/runner/go/pkg/mod/github.com/urfave/negroni/v3@v3.1.1/negroni.go:33
github.com/urfave/negroni/v3.middleware.ServeHTTP
	/home/runner/go/pkg/mod/github.com/urfave/negroni/v3@v3.1.1/negroni.go:51
net/http.HandlerFunc.ServeHTTP
	/opt/hostedtoolcache/go/1.24.6/x64/src/net/http/server.go:2294
github.com/livekit/livekit-server/pkg/service.(*APIKeyAuthMiddleware).ServeHTTP
	/home/runner/go/pkg/mod/github.com/livekit/livekit-server@v1.9.11/pkg/service/auth.go:107
github.com/urfave/negroni/v3.middleware.ServeHTTP
	/home/runner/go/pkg/mod/github.com/urfave/negroni/v3@v3.1.1/negroni.go:51
github.com/livekit/livekit-server/pkg/service.RemoveDoubleSlashes
	/home/runner/go/pkg/mod/github.com/livekit/livekit-server@v1.9.11/pkg/service/utils.go:76
github.com/urfave/negroni/v3.HandlerFunc.ServeHTTP
	/home/runner/go/pkg/mod/github.com/urfave/negroni/v3@v3.1.1/negroni.go:33
github.com/urfave/negroni/v3.middleware.ServeHTTP
	/home/runner/go/pkg/mod/github.com/urfave/negroni/v3@v3.1.1/negroni.go:51
github.com/rs/cors.(*Cors).ServeHTTP
	/home/runner/go/pkg/mod/github.com/rs/cors@v1.11.1/cors.go:324
github.com/urfave/negroni/v3.middleware.ServeHTTP
	/home/runner/go/pkg/mod/github.com/urfave/negroni/v3@v3.1.1/negroni.go:51
github.com/urfave/negroni/v3.(*Recovery).ServeHTTP
	/home/runner/go/pkg/mod/github.com/urfave/negroni/v3@v3.1.1/recovery.go:210
github.com/urfave/negroni/v3.middleware.ServeHTTP
	/home/runner/go/pkg/mod/github.com/urfave/negroni/v3@v3.1.1/negroni.go:51
github.com/urfave/negroni/v3.(*Negroni).ServeHTTP
	/home/runner/go/pkg/mod/github.com/urfave/negroni/v3@v3.1.1/negroni.go:111
net/http.serverHandler.ServeHTTP
	/opt/hostedtoolcache/go/1.24.6/x64/src/net/http/server.go:3301
net/http.(*conn).serve
	/opt/hostedtoolcache/go/1.24.6/x64/src/net/http/server.go:2102
2026-03-15T16:43:29.262+0530	INFO	livekit.agents	service/agentservice.go:333	last worker deregistered	{"namespace": "", "jobType": "JT_ROOM", "agentName": "", "workerID": "AW_QKtGkV8pUAeg"}
2026-03-15T16:43:29.273+0530	INFO	livekit.agents	agent/worker.go:469	closing worker	{"workerID": "AW_QKtGkV8pUAeg", "agentName": "", "jobType": "JT_ROOM", "workerID": "AW_QKtGkV8pUAeg", "jobType": "JT_ROOM", "agentName": ""}
